<?xml version="1.0" encoding="utf-8"?><testsuites name="pytest tests"><testsuite name="pytest" errors="0" failures="0" skipped="0" tests="14" time="4.415" timestamp="2026-07-21T08:01:26.170916+00:00" hostname="agent-env-6a98e52c-254e-43d5-8851-fc0b065fbe66"><testcase classname="tests.backend_test" name="test_root" time="0.222" /><testcase classname="tests.backend_test" name="test_health" time="0.052" /><testcase classname="tests.backend_test" name="test_limits_seeded_14_and_idempotent" time="0.194" /><testcase classname="tests.backend_test" name="test_campaign_full_lifecycle" time="0.264" /><testcase classname="tests.backend_test" name="test_upload_csv" time="0.302" /><testcase classname="tests.backend_test" name="test_upload_xlsx" time="0.233" /><testcase classname="tests.backend_test" name="test_upload_bad_rows" time="0.131" /><testcase classname="tests.backend_test" name="test_upload_unsupported_type" time="0.165" /><testcase classname="tests.backend_test" name="test_upload_missing_timestamp" time="0.166" /><testcase classname="tests.backend_test" name="test_upload_column_aliases" time="0.207" /><testcase classname="tests.backend_test" name="test_reading_flag_toggle" time="0.384" /><testcase classname="tests.backend_test" name="test_clear_readings_resets_status" time="0.413" /><testcase classname="tests.backend_test" name="test_delete_campaign_cascade" time="0.460" /><testcase classname="tests.backend_test" name="test_uploads_reverse_chrono" time="0.255" /></testsuite></testsuites>